t:  0 (CHANNEL), l: 3, v: 0x00001a
t:  1 (PANID), l: 2, v: 0x5b91
t:  2 (EXTPANID), l: 8, v: 0x3dd5846a27dd139f
t:  3 (NETWORKNAME), l: 15, v: b'OpenThread-5b91'
t:  4 (PSKC), l: 16, v: 0x9855950ef75071da53e996c50694576a
t:  5 (NETWORKKEY), l: 16, v: 0x45005945ef9dbed88082d208673dad0f
t:  7 (MESHLOCALPREFIX), l: 8, v: 0xfdec29c2f04b4b23
t: 12 (SECURITYPOLICY), l: 4, v: 0x02a0f7f8
t: 14 (ACTIVETIMESTAMP), l: 8, v: 0x0000000000010000
t: 53 (CHANNELMASK), l: 6, v: 0x0004001fffe0
t: 74 (APPLE_TAG_UNKNOWN), l: 3, v: 0x000016


t:  0 (CHANNEL), l: 3, v: 0x000013
t:  1 (PANID), l: 2, v: 0xe49c
t:  2 (EXTPANID), l: 8, v: 0x4fe76e9a8b5edaf5
t:  3 (NETWORKNAME), l: 15, v: b'OpenThread-e49c'
t:  4 (PSKC), l: 16, v: 0xb92f8c7fbb4f9f3e08492ee3915fbd2f
t:  5 (NETWORKKEY), l: 16, v: 0xd47f5027a414ffeebaefa92285cc84fa
t:  7 (MESHLOCALPREFIX), l: 8, v: 0xfde46f999f0698e2
t: 12 (SECURITYPOLICY), l: 4, v: 0x02a0fff8
t: 14 (ACTIVETIMESTAMP), l: 8, v: 0x0000000000010000
t: 53 (CHANNELMASK), l: 6, v: 0x0004001fffe0
